<?xml version="1.0" encoding="UTF-8"?>
<!-- Generated by org.testng.reporters.JUnitReportReporter -->
<testsuite hostname="dac8" failures="0" tests="2" name="com.acts.amazontest.AmazonTest" time="18.109" errors="0" timestamp="2024-01-15T21:23:18 IST" skipped="0">
  <testcase classname="com.acts.amazontest.AmazonTest" name="verifyAmazonPageTittle" time="13.351"/>
  <testcase classname="com.acts.amazontest.AmazonTest" name="verifySearchTextBox" time="4.758"/>
</testsuite> <!-- com.acts.amazontest.AmazonTest -->
